
ROM used:   3571/8192 (44%)
            3593/8192 (44%) including unused fragments

            1.0 Average locations per line
            4.4 Average locations per statement

RAM used:   228/368 (62%) at main() level
            274/368 (74%) worst case

Stack used: 5 worst case (5 in main + 0 for interrupts)
Stack size: 8

Lines Stmts  %   Files
----- ----- ---  -----
  321   235  29  main.c
  672     0   0  ..\..\..\..\..\Program Files (x86)\PICC\Devices\16F877A.h
 1351   359  44  ..\..\..\..\..\Program Files (x86)\PICC\Drivers\stdlib.h
   32     0   0  ..\..\..\..\..\Program Files (x86)\PICC\Drivers\stddef.h
  423     0   0  ..\..\..\..\..\Program Files (x86)\PICC\Drivers\string.h
   28     0   0  ..\..\..\..\..\Program Files (x86)\PICC\Drivers\ctype.h
  643   224  27  ..\..\..\..\..\Program Files (x86)\PICC\Drivers\glcd.c
   37     0   0  ..\..\..\..\..\Program Files (x86)\PICC\Drivers\stdio.h
----- -----
 3507   818 Total

Page ROM  %  RAM    Vol Diff  Functions:
---- --- --- ---    --- ----  ----------
0     21   1    1             @delay_ms1
0     41   1    2             @MUL88
 Inline        13             @MUL3232
1    128   4    4    101  3.8  rand
0     39   1    5             @DIV1616
0     23   1    5             @MUL1616
0    262   7    0             @const901
0    224   6    0             @const905
0    122   3    1    555  3.4  glcd_init
0    189   5    6    734  7.1  glcd_pixel
0    272   8   15   1634  8.6  glcd_line
0    249   7   21   1436  9.2  glcd_text57
0    121   3    4    498  4.8  glcd_fillScreen
0     50   1    2    247  3.2  glcd_writeByte
 Inline         2    412  3.0  glcd_readByte
0     61   2    4    235  4.5  buzzer_beep
0      6   0    0     17  0.8  short_beep
 Inline         0    106  1.3  error_beep
 Inline        17    375  4.5  win_melody
1     84   2    5    587  8.5  fillCell
0     35   1    0    212  4.0  screenWipeDown
1     71   2    0    469  5.5  drawGrid
 Inline         0    188  4.0  clearScoreArea
1     60   2    0    123  1.7  writeScore
1    116   3    3    679  9.5  criar_comida
1    101   3    1    354  2.8  gameover
1    119   3    1    354  2.8  winScreen
0     32   1    1     88  1.7  showSplashScreen
0     85   2    1    561  6.3  displayDifficulty
0    167   5   19    851  8.5  selectDifficulty
1    858  24    4   6467 14.9  MAIN
1      8   0    0             @goto12380
0     23   1    3             @DIV88
 Inline         0             @cinit1

Program metrics:
    Functions               24
    Statements              818
    Comments                965
    Volume (V)              27389
    Difficulty (D)          124.0
    Effort to implement (E) 3396997
    Time to implement (T)   52 hours, 25 minutes
    Est Delivered Bugs (B)  8
    Cyclomatic Complexity   70
    Maintainability (MI)    57

 Segment     Used  Free
-----------  ----  ----
00000-00003     4  0  
00004-007FF  2022  22  
00800-00FFF  1545  503  
01000-017FF     0  2048  
01800-01FFF     0  2048  



